<?xml version="1.0" encoding="UTF-8"?>
<testsuite name="ca.uvic.seng330.assn3.DesktopPaneTest" tests="2" skipped="0" failures="0" errors="0" timestamp="2018-11-05T20:29:53" hostname="DESKTOP-VGCFP05" time="1.197">
  <properties/>
  <testcase name="should_contain_button" classname="ca.uvic.seng330.assn3.DesktopPaneTest" time="0.37"/>
  <testcase name="should_contain_field" classname="ca.uvic.seng330.assn3.DesktopPaneTest" time="0.826"/>
  <system-out><![CDATA[]]></system-out>
  <system-err><![CDATA[]]></system-err>
</testsuite>
